<?xml version="1.0" encoding="UTF-8"?>
<!-- Generated by org.testng.reporters.JUnitXMLReporter -->
<testsuite ignored="0" hostname="DESKTOP-KN7SOQC" failures="0" tests="4" name="Default test" time="279.004" errors="0" timestamp="2021-06-22T22:10:31 EDT">
  <testcase classname="tests.MortgageCalculatorDataDrivenTest" name="dataDrivenTests" time="57.502"/>
  <testcase classname="tests.MortgageCalculatorDataDrivenTest" name="dataDrivenTests" time="58.835"/>
  <testcase classname="tests.MortgageCalculatorDataDrivenTest" name="dataDrivenTests" time="57.571"/>
  <testcase classname="tests.MortgageCalculatorDataDrivenTest" name="dataDrivenTests" time="57.323"/>
</testsuite> <!-- Default test -->
