<?xml version="1.0" encoding="UTF-8"?>
<!-- Generated by org.testng.reporters.JUnitXMLReporter -->
<testsuite ignored="0" hostname="DESKTOP-KN7SOQC" failures="0" tests="4" name="Default test" time="63.367" errors="0" timestamp="2021-01-07T12:19:27 CET">
  <testcase classname="Tests.MortgageCalculatorDataDrivenTest" name="dataDrivenTests" time="7.089"/>
  <testcase classname="Tests.MortgageCalculatorDataDrivenTest" name="dataDrivenTests" time="4.214"/>
  <testcase classname="Tests.MortgageCalculatorDataDrivenTest" name="dataDrivenTests" time="4.211"/>
  <testcase classname="Tests.MortgageCalculatorDataDrivenTest" name="dataDrivenTests" time="5.041"/>
</testsuite> <!-- Default test -->
