<?xml version="1.0" encoding="UTF-8"?>
<testng-results ignored="0" total="1" passed="1" failed="0" skipped="0">
  <reporter-output>
  </reporter-output>
  <suite started-at="2021-06-24T21:26:27 EDT" name="Default suite" finished-at="2021-06-24T21:27:47 EDT" duration-ms="79913">
    <groups>
    </groups>
    <test started-at="2021-06-24T21:26:27 EDT" name="Default test" finished-at="2021-06-24T21:27:47 EDT" duration-ms="79913">
      <class name="tests.MortgageCalculatorTest">
        <test-method is-config="true" signature="beforeAllTests()[pri:0, instance:tests.MortgageCalculatorTest@3e62d773]" started-at="2021-06-24T21:26:27 EDT" name="beforeAllTests" finished-at="2021-06-24T21:26:27 EDT" duration-ms="23" status="PASS">
          <reporter-output>
          </reporter-output>
        </test-method> <!-- beforeAllTests -->
        <test-method is-config="true" signature="setup()[pri:0, instance:tests.MortgageCalculatorTest@3e62d773]" started-at="2021-06-24T21:26:27 EDT" name="setup" finished-at="2021-06-24T21:26:29 EDT" duration-ms="2575" status="PASS">
          <reporter-output>
          </reporter-output>
        </test-method> <!-- setup -->
        <test-method signature="buySinglehouse()[pri:0, instance:tests.MortgageCalculatorTest@3e62d773]" started-at="2021-06-24T21:26:29 EDT" name="buySinglehouse" finished-at="2021-06-24T21:27:38 EDT" duration-ms="68736" status="PASS">
          <reporter-output>
          </reporter-output>
        </test-method> <!-- buySinglehouse -->
        <test-method is-config="true" signature="close(org.testng.ITestResult)[pri:0, instance:tests.MortgageCalculatorTest@3e62d773]" started-at="2021-06-24T21:27:38 EDT" name="close" finished-at="2021-06-24T21:27:44 EDT" duration-ms="5639" status="PASS">
          <params>
            <param index="0">
              <value>
                <![CDATA[[TestResult name=buySinglehouse status=SUCCESS method=MortgageCalculatorTest.buySinglehouse()[pri:0, instance:tests.MortgageCalculatorTest@3e62d773] output={null}]]]>
              </value>
            </param>
          </params>
          <reporter-output>
          </reporter-output>
        </test-method> <!-- close -->
        <test-method is-config="true" signature="afterAllTests()[pri:0, instance:tests.MortgageCalculatorTest@3e62d773]" started-at="2021-06-24T21:27:44 EDT" name="afterAllTests" finished-at="2021-06-24T21:27:47 EDT" duration-ms="2890" status="PASS">
          <reporter-output>
          </reporter-output>
        </test-method> <!-- afterAllTests -->
      </class> <!-- tests.MortgageCalculatorTest -->
    </test> <!-- Default test -->
  </suite> <!-- Default suite -->
</testng-results>
