<?xml version="1.0" encoding="UTF-8"?>
<testng-results ignored="0" total="1" passed="1" failed="0" skipped="0">
  <reporter-output>
  </reporter-output>
  <suite started-at="2021-01-10T15:44:57 CET" name="Default suite" finished-at="2021-01-10T15:45:19 CET" duration-ms="21719">
    <groups>
    </groups>
    <test started-at="2021-01-10T15:44:57 CET" name="Default test" finished-at="2021-01-10T15:45:19 CET" duration-ms="21719">
      <class name="tests.MortgageCalculatorTest">
        <test-method is-config="true" signature="beforeAllTests()[pri:0, instance:tests.MortgageCalculatorTest@68c9133c]" started-at="2021-01-10T15:44:57 CET" name="beforeAllTests" finished-at="2021-01-10T15:44:57 CET" duration-ms="24" status="PASS">
          <reporter-output>
          </reporter-output>
        </test-method> <!-- beforeAllTests -->
        <test-method is-config="true" signature="setup()[pri:0, instance:tests.MortgageCalculatorTest@68c9133c]" started-at="2021-01-10T15:44:57 CET" name="setup" finished-at="2021-01-10T15:45:03 CET" duration-ms="6474" status="PASS">
          <reporter-output>
          </reporter-output>
        </test-method> <!-- setup -->
        <test-method signature="buySinglehouse()[pri:0, instance:tests.MortgageCalculatorTest@68c9133c]" started-at="2021-01-10T15:45:03 CET" name="buySinglehouse" finished-at="2021-01-10T15:45:14 CET" duration-ms="10153" status="PASS">
          <reporter-output>
          </reporter-output>
        </test-method> <!-- buySinglehouse -->
        <test-method is-config="true" signature="close(org.testng.ITestResult)[pri:0, instance:tests.MortgageCalculatorTest@68c9133c]" started-at="2021-01-10T15:45:14 CET" name="close" finished-at="2021-01-10T15:45:19 CET" duration-ms="5033" status="PASS">
          <params>
            <param index="0">
              <value>
                <![CDATA[[TestResult name=buySinglehouse status=SUCCESS method=MortgageCalculatorTest.buySinglehouse()[pri:0, instance:tests.MortgageCalculatorTest@68c9133c] output={null}]]]>
              </value>
            </param>
          </params>
          <reporter-output>
          </reporter-output>
        </test-method> <!-- close -->
        <test-method is-config="true" signature="afterAllTests()[pri:0, instance:tests.MortgageCalculatorTest@68c9133c]" started-at="2021-01-10T15:45:19 CET" name="afterAllTests" finished-at="2021-01-10T15:45:19 CET" duration-ms="2" status="PASS">
          <reporter-output>
          </reporter-output>
        </test-method> <!-- afterAllTests -->
      </class> <!-- tests.MortgageCalculatorTest -->
    </test> <!-- Default test -->
  </suite> <!-- Default suite -->
</testng-results>
